----------------------------------------
19-10-2021 13:18:16
Loggin Page Loaded...!
----------------------------------------
19-10-2021 13:40:43
Loggin Page Loaded...!
----------------------------------------
19-10-2021 13:40:53
User Want To login Using details:- {"Email":"ravimandoriya007@gmail.com","Password":"Bmar03097@avi"}
----------------------------------------
19-10-2021 13:41:19
Loggin Page Loaded...!
----------------------------------------
19-10-2021 13:41:29
Loggin Page Loaded...!
----------------------------------------
19-10-2021 13:41:42
User Want To login Using details:- {"Email":"ravimandoriya007@gmail.com","Password":"Bmar03097@"}
----------------------------------------
19-10-2021 21:32:48
Loggin Page Loaded...!
----------------------------------------
19-10-2021 21:33:27
User Want To login Using details:- {"Email":"ravimandoriya007@gmail.com","Password":"Bmar03097@"}
----------------------------------------
19-10-2021 21:44:04
Loggin Page Loaded...!
----------------------------------------
19-10-2021 21:45:04
Loggin Page Loaded...!
----------------------------------------
19-10-2021 21:51:09
Loggin Page Loaded...!
----------------------------------------
19-10-2021 21:51:33
User Want To login Using details:- {"Email":"ravimandoriya007@gmail.com","Password":"Bmar03097@"}
----------------------------------------
19-10-2021 21:56:00
Loggin Page Loaded...!
----------------------------------------
19-10-2021 21:56:09
User Want To login Using details:- {"Email":"ravimandoriya007@gmail.com","Password":"akhfdka24@"}
----------------------------------------
19-10-2021 21:59:55
Loggin Page Loaded...!
----------------------------------------
19-10-2021 22:00:08
User Want To login Using details:- {"Email":"ravimandoriya007@gmail.com","Password":"Bmar03097@"}
----------------------------------------
19-10-2021 22:14:45
Loggin Page Loaded...!
----------------------------------------
19-10-2021 22:14:59
User Want To login Using details:- {"Email":"ravimandoriya007@gmail.com","Password":"Bmar03097@"}
----------------------------------------
19-10-2021 22:20:06
Loggin Page Loaded...!
----------------------------------------
19-10-2021 22:21:04
Loggin Page Loaded...!
