----------------------------------------
20-10-2021 13:56:23
Loggin Page Loaded...!
----------------------------------------
20-10-2021 14:59:49
Loggin Page Loaded...!
----------------------------------------
20-10-2021 15:00:10
User Want To login Using details:- {"Email":"ravimandoriya007@gmail.com","Password":"Bmar03097@"}
----------------------------------------
20-10-2021 15:02:48
Loggin Page Loaded...!
----------------------------------------
20-10-2021 15:02:59
User Want To login Using details:- {"Email":"ravimandoriya007@gmail.com","Password":"Bmar03097@"}
----------------------------------------
20-10-2021 15:34:47
Loggin Page Loaded...!
----------------------------------------
20-10-2021 15:34:59
User Want To login Using details:- {"Email":"ravimandoriya007@gmail.com","Password":"Bmar03097@"}
----------------------------------------
20-10-2021 15:35:09
User Want To login Using details:- {"Email":"ravimandoriya007@gmail.com","Password":"Bmar03097@"}
----------------------------------------
20-10-2021 15:49:21
Loggin Page Loaded...!
----------------------------------------
20-10-2021 15:49:37
User Want To login Using details:- {"Email":"ravimandoriya007@gmail.com","Password":"Bmar03097@a"}
----------------------------------------
20-10-2021 15:49:45
User Want To login Using details:- {"Email":"ravimandoriya007@gmail.com","Password":"Bmar03097@"}
----------------------------------------
20-10-2021 16:15:53
Loggin Page Loaded...!
----------------------------------------
20-10-2021 16:16:02
User Want To login Using details:- {"Email":"ravimandoriya007@gmail.com","Password":"Bmar03097@"}
----------------------------------------
20-10-2021 16:27:16
Loggin Page Loaded...!
----------------------------------------
20-10-2021 16:27:27
User Want To login Using details:- {"Email":"ravimandoriya007@gmail.com","Password":"Bmar03097@"}
----------------------------------------
20-10-2021 17:36:33
Loggin Page Loaded...!
----------------------------------------
20-10-2021 17:36:45
User Want To login Using details:- {"Email":"ravimandoriya007@gmail.com","Password":"Bmar03097@avi"}
----------------------------------------
20-10-2021 17:36:55
User Want To login Using details:- {"Email":"ravimandoriya007@gmail.com","Password":"Bmar03097@"}
----------------------------------------
20-10-2021 17:52:30
Loggin Page Loaded...!
----------------------------------------
20-10-2021 17:54:39
Loggin Page Loaded...!
----------------------------------------
20-10-2021 18:01:09
Loggin Page Loaded...!
----------------------------------------
20-10-2021 18:04:11
Loggin Page Loaded...!
----------------------------------------
20-10-2021 18:06:24
Loggin Page Loaded...!
----------------------------------------
20-10-2021 18:07:30
Loggin Page Loaded...!
----------------------------------------
20-10-2021 18:14:55
Loggin Page Loaded...!
----------------------------------------
20-10-2021 18:17:23
Loggin Page Loaded...!
----------------------------------------
20-10-2021 18:20:14
Loggin Page Loaded...!
----------------------------------------
20-10-2021 18:20:18
Loggin Page Loaded...!
----------------------------------------
20-10-2021 18:20:22
Loggin Page Loaded...!
----------------------------------------
20-10-2021 18:20:38
Loggin Page Loaded...!
----------------------------------------
20-10-2021 18:25:40
Loggin Page Loaded...!
----------------------------------------
20-10-2021 18:25:42
Loggin Page Loaded...!
----------------------------------------
20-10-2021 18:25:44
Loggin Page Loaded...!
----------------------------------------
20-10-2021 18:25:44
Loggin Page Loaded...!
----------------------------------------
20-10-2021 18:26:19
Loggin Page Loaded...!
----------------------------------------
20-10-2021 18:26:21
Loggin Page Loaded...!
----------------------------------------
20-10-2021 18:26:21
Loggin Page Loaded...!
----------------------------------------
20-10-2021 18:26:21
Loggin Page Loaded...!
----------------------------------------
20-10-2021 18:26:22
Loggin Page Loaded...!
----------------------------------------
20-10-2021 18:26:22
Loggin Page Loaded...!
----------------------------------------
20-10-2021 18:26:26
Loggin Page Loaded...!
----------------------------------------
20-10-2021 18:26:33
Loggin Page Loaded...!
----------------------------------------
20-10-2021 18:26:54
Loggin Page Loaded...!
----------------------------------------
20-10-2021 18:29:54
Loggin Page Loaded...!
----------------------------------------
20-10-2021 18:30:31
Loggin Page Loaded...!
----------------------------------------
20-10-2021 18:30:32
Loggin Page Loaded...!
----------------------------------------
20-10-2021 18:30:33
Loggin Page Loaded...!
----------------------------------------
20-10-2021 18:30:33
Loggin Page Loaded...!
----------------------------------------
20-10-2021 18:30:33
Loggin Page Loaded...!
----------------------------------------
20-10-2021 18:30:33
Loggin Page Loaded...!
----------------------------------------
20-10-2021 18:30:34
Loggin Page Loaded...!
----------------------------------------
20-10-2021 18:30:34
Loggin Page Loaded...!
----------------------------------------
20-10-2021 20:13:16
User Want To login Using details:- {"Email":"ravimandoriya007@gmail.com","Password":"Bmar03097@"}
----------------------------------------
20-10-2021 20:17:13
Loggin Page Loaded...!
----------------------------------------
20-10-2021 20:18:08
Loggin Page Loaded...!
----------------------------------------
20-10-2021 20:18:09
Loggin Page Loaded...!
----------------------------------------
20-10-2021 20:18:32
Loggin Page Loaded...!
----------------------------------------
20-10-2021 20:18:33
Loggin Page Loaded...!
----------------------------------------
20-10-2021 20:18:33
Loggin Page Loaded...!
----------------------------------------
20-10-2021 20:18:33
Loggin Page Loaded...!
----------------------------------------
20-10-2021 20:18:34
Loggin Page Loaded...!
----------------------------------------
20-10-2021 20:18:34
Loggin Page Loaded...!
----------------------------------------
20-10-2021 20:18:34
Loggin Page Loaded...!
----------------------------------------
20-10-2021 20:18:34
Loggin Page Loaded...!
----------------------------------------
20-10-2021 20:18:39
Loggin Page Loaded...!
----------------------------------------
20-10-2021 20:18:40
Loggin Page Loaded...!
----------------------------------------
20-10-2021 20:18:44
Loggin Page Loaded...!
----------------------------------------
20-10-2021 20:19:15
Loggin Page Loaded...!
----------------------------------------
20-10-2021 20:19:30
Loggin Page Loaded...!
----------------------------------------
20-10-2021 20:19:47
Loggin Page Loaded...!
----------------------------------------
20-10-2021 20:20:42
Loggin Page Loaded...!
----------------------------------------
20-10-2021 20:20:43
Loggin Page Loaded...!
----------------------------------------
20-10-2021 20:20:52
Loggin Page Loaded...!
----------------------------------------
20-10-2021 20:25:22
Loggin Page Loaded...!
----------------------------------------
20-10-2021 20:25:23
Loggin Page Loaded...!
----------------------------------------
20-10-2021 20:25:23
Loggin Page Loaded...!
----------------------------------------
20-10-2021 20:25:24
Loggin Page Loaded...!
----------------------------------------
20-10-2021 20:25:24
Loggin Page Loaded...!
----------------------------------------
20-10-2021 20:25:59
Loggin Page Loaded...!
----------------------------------------
20-10-2021 20:27:35
Loggin Page Loaded...!
----------------------------------------
20-10-2021 20:27:36
Loggin Page Loaded...!
----------------------------------------
20-10-2021 20:27:36
Loggin Page Loaded...!
----------------------------------------
20-10-2021 20:27:54
Loggin Page Loaded...!
----------------------------------------
20-10-2021 20:28:19
Loggin Page Loaded...!
----------------------------------------
20-10-2021 20:28:28
Loggin Page Loaded...!
----------------------------------------
20-10-2021 20:28:32
Loggin Page Loaded...!
----------------------------------------
20-10-2021 20:29:14
Loggin Page Loaded...!
----------------------------------------
20-10-2021 20:29:45
Loggin Page Loaded...!
----------------------------------------
20-10-2021 20:29:46
Loggin Page Loaded...!
----------------------------------------
20-10-2021 20:29:46
Loggin Page Loaded...!
----------------------------------------
20-10-2021 20:29:47
Loggin Page Loaded...!
----------------------------------------
20-10-2021 20:29:47
Loggin Page Loaded...!
----------------------------------------
20-10-2021 20:29:47
Loggin Page Loaded...!
----------------------------------------
20-10-2021 20:29:47
Loggin Page Loaded...!
----------------------------------------
20-10-2021 20:29:48
Loggin Page Loaded...!
----------------------------------------
20-10-2021 20:29:55
Loggin Page Loaded...!
----------------------------------------
20-10-2021 20:29:57
Loggin Page Loaded...!
----------------------------------------
20-10-2021 20:29:59
Loggin Page Loaded...!
----------------------------------------
20-10-2021 20:30:36
Loggin Page Loaded...!
----------------------------------------
20-10-2021 20:31:46
Loggin Page Loaded...!
----------------------------------------
20-10-2021 20:33:07
Loggin Page Loaded...!
----------------------------------------
20-10-2021 20:35:00
Loggin Page Loaded...!
----------------------------------------
20-10-2021 20:37:54
Loggin Page Loaded...!
----------------------------------------
20-10-2021 20:39:04
Loggin Page Loaded...!
----------------------------------------
20-10-2021 20:42:21
Loggin Page Loaded...!
----------------------------------------
20-10-2021 20:44:06
Loggin Page Loaded...!
----------------------------------------
20-10-2021 20:44:34
Loggin Page Loaded...!
----------------------------------------
20-10-2021 20:45:44
Loggin Page Loaded...!
----------------------------------------
20-10-2021 20:48:53
Loggin Page Loaded...!
----------------------------------------
20-10-2021 20:50:34
Loggin Page Loaded...!
----------------------------------------
20-10-2021 20:52:17
Loggin Page Loaded...!
----------------------------------------
20-10-2021 20:55:29
Loggin Page Loaded...!
----------------------------------------
20-10-2021 20:58:28
Loggin Page Loaded...!
----------------------------------------
20-10-2021 20:59:34
Loggin Page Loaded...!
----------------------------------------
20-10-2021 21:01:59
Loggin Page Loaded...!
----------------------------------------
20-10-2021 21:04:26
Loggin Page Loaded...!
----------------------------------------
20-10-2021 21:06:49
Loggin Page Loaded...!
----------------------------------------
20-10-2021 21:06:59
Loggin Page Loaded...!
----------------------------------------
20-10-2021 21:08:28
Loggin Page Loaded...!
